2020-08-09 23:13:27,811 INFO 77063 [egg:logger] init all loggers with options: {"dir":"/code/lover/egg/logs/eggdemo","encoding":"utf8","env":"local","level":"INFO","consoleLevel":"INFO","disableConsoleAfterReady":false,"outputJSON":false,"buffer":true,"appLogName":"eggdemo-web.log","coreLogName":"egg-web.log","agentLogName":"egg-agent.log","errorLogName":"common-error.log","coreLogger":{"consoleLevel":"WARN"},"allowDebugAtProd":false,"type":"application"}
2020-08-09 23:13:27,846 INFO 77063 [egg-multipart] stream mode enable
2020-08-09 23:13:28,242 INFO 77063 [egg-mongoose] connecting mongodb://127.0.0.1:27017/test
2020-08-09 23:13:28,330 INFO 77063 [egg-static] starting static serve /public/ -> /code/lover/egg/app/public
2020-08-09 23:13:28,332 INFO 77063 [egg-security] use methodnoallow middleware
2020-08-09 23:13:28,333 INFO 77063 [egg-security] use noopen middleware
2020-08-09 23:13:28,334 INFO 77063 [egg-security] use nosniff middleware
2020-08-09 23:13:28,335 INFO 77063 [egg-security] use xssProtection middleware
2020-08-09 23:13:28,336 INFO 77063 [egg-security] use xframe middleware
2020-08-09 23:13:28,336 INFO 77063 [egg-security] use dta middleware
2020-08-09 23:13:28,336 INFO 77063 [egg-security] compose 6 middlewares into one security middleware
2020-08-09 23:13:28,354 INFO 77063 [egg:core] dump config after load, 7ms
2020-08-09 23:13:28,408 INFO 77063 [egg-mongoose] starting...
2020-08-09 23:13:28,455 INFO 77063 [egg-mongoose] mongodb://127.0.0.1:27017/test connected successfully
2020-08-09 23:13:28,467 INFO 77063 [egg-mongoose] instance[0] start successfully
2020-08-09 23:13:28,484 INFO 77063 [egg-watcher:application] watcher start success
2020-08-09 23:13:28,497 INFO 77063 [egg:core] dump config after ready, 9ms
2020-08-09 23:13:31,399 INFO 77087 [egg:logger] init all loggers with options: {"dir":"/code/lover/egg/logs/eggdemo","encoding":"utf8","env":"local","level":"INFO","consoleLevel":"INFO","disableConsoleAfterReady":false,"outputJSON":false,"buffer":true,"appLogName":"eggdemo-web.log","coreLogName":"egg-web.log","agentLogName":"egg-agent.log","errorLogName":"common-error.log","coreLogger":{"consoleLevel":"WARN"},"allowDebugAtProd":false,"type":"application"}
2020-08-09 23:13:31,426 INFO 77087 [egg-multipart] stream mode enable
2020-08-09 23:13:31,657 INFO 77087 [egg-mongoose] connecting mongodb://127.0.0.1:27017/test
2020-08-09 23:13:31,713 INFO 77087 [egg-static] starting static serve /public/ -> /code/lover/egg/app/public
2020-08-09 23:13:31,715 INFO 77087 [egg-security] use methodnoallow middleware
2020-08-09 23:13:31,716 INFO 77087 [egg-security] use noopen middleware
2020-08-09 23:13:31,716 INFO 77087 [egg-security] use nosniff middleware
2020-08-09 23:13:31,716 INFO 77087 [egg-security] use xssProtection middleware
2020-08-09 23:13:31,717 INFO 77087 [egg-security] use xframe middleware
2020-08-09 23:13:31,717 INFO 77087 [egg-security] use dta middleware
2020-08-09 23:13:31,717 INFO 77087 [egg-security] compose 6 middlewares into one security middleware
2020-08-09 23:13:31,731 INFO 77087 [egg:core] dump config after load, 6ms
2020-08-09 23:13:31,782 INFO 77087 [egg-mongoose] starting...
2020-08-09 23:13:31,824 INFO 77087 [egg-mongoose] mongodb://127.0.0.1:27017/test connected successfully
2020-08-09 23:13:31,834 INFO 77087 [egg-mongoose] instance[0] start successfully
2020-08-09 23:13:31,852 INFO 77087 [egg-watcher:application] watcher start success
2020-08-09 23:13:31,861 INFO 77087 [egg:core] dump config after ready, 5ms
2020-08-09 23:18:10,225 INFO 78942 [egg:logger] init all loggers with options: {"dir":"/code/lover/node-eggjs/logs/eggdemo","encoding":"utf8","env":"local","level":"INFO","consoleLevel":"INFO","disableConsoleAfterReady":false,"outputJSON":false,"buffer":true,"appLogName":"eggdemo-web.log","coreLogName":"egg-web.log","agentLogName":"egg-agent.log","errorLogName":"common-error.log","coreLogger":{"consoleLevel":"WARN"},"allowDebugAtProd":false,"type":"application"}
2020-08-09 23:18:10,258 INFO 78942 [egg-multipart] stream mode enable
2020-08-09 23:18:10,725 INFO 78942 [egg-mongoose] connecting mongodb://127.0.0.1:27017/test
2020-08-09 23:18:10,801 INFO 78942 [egg-static] starting static serve /public/ -> /code/lover/node-eggjs/app/public
2020-08-09 23:18:10,804 INFO 78942 [egg-security] use methodnoallow middleware
2020-08-09 23:18:10,805 INFO 78942 [egg-security] use noopen middleware
2020-08-09 23:18:10,806 INFO 78942 [egg-security] use nosniff middleware
2020-08-09 23:18:10,806 INFO 78942 [egg-security] use xssProtection middleware
2020-08-09 23:18:10,807 INFO 78942 [egg-security] use xframe middleware
2020-08-09 23:18:10,808 INFO 78942 [egg-security] use dta middleware
2020-08-09 23:18:10,808 INFO 78942 [egg-security] compose 6 middlewares into one security middleware
2020-08-09 23:18:10,824 INFO 78942 [egg:core] dump config after load, 5ms
2020-08-09 23:18:10,869 INFO 78942 [egg-mongoose] starting...
2020-08-09 23:18:10,918 INFO 78942 [egg-mongoose] mongodb://127.0.0.1:27017/test connected successfully
2020-08-09 23:18:10,928 INFO 78942 [egg-mongoose] instance[0] start successfully
2020-08-09 23:18:10,941 INFO 78942 [egg-watcher:application] watcher start success
2020-08-09 23:18:10,958 INFO 78942 [egg:core] dump config after ready, 9ms
